<?xml version="1.0" encoding="UTF-8"?>
<!-- Generated by org.testng.reporters.JUnitReportReporter -->
<testsuite skipped="0" hostname="OmkarGurav" name="Miscellaneous.UsersTc" tests="1" failures="0" timestamp="01 Sep 2021 18:00:40 GMT" time="0.554" errors="0">
  <testcase name="test" time="0.554" classname="Miscellaneous.UsersTc"/>
</testsuite> <!-- Miscellaneous.UsersTc -->
