<?xml version="1.0" encoding="UTF-8"?>
<!-- Generated by org.testng.reporters.JUnitReportReporter -->
<testsuite skipped="0" hostname="OmkarGurav" name="Miscellaneous.AlertsEx" tests="1" failures="0" timestamp="02 Sep 2021 07:42:35 GMT" time="7.381" errors="0">
  <testcase name="test1" time="7.381" classname="Miscellaneous.AlertsEx"/>
</testsuite> <!-- Miscellaneous.AlertsEx -->
