<?xml version="1.0" encoding="UTF-8"?>
<!-- Generated by org.testng.reporters.JUnitReportReporter -->
<testsuite skipped="0" hostname="OmkarGurav" name="Miscellaneous.SelectClassEx" tests="4" failures="0" timestamp="01 Sep 2021 12:07:07 GMT" time="74.530" errors="0">
  <testcase name="usingDataProvider" time="23.136" classname="Miscellaneous.SelectClassEx"/>
  <testcase name="usingDataProvider" time="16.351" classname="Miscellaneous.SelectClassEx"/>
  <testcase name="test" time="15.362" classname="Miscellaneous.SelectClassEx"/>
  <testcase name="test1" time="19.681" classname="Miscellaneous.SelectClassEx"/>
</testsuite> <!-- Miscellaneous.SelectClassEx -->
