<?xml version="1.0" encoding="UTF-8"?>
<!-- Generated by org.testng.reporters.JUnitReportReporter -->
<testsuite skipped="0" hostname="OmkarGurav" name="Miscellaneous.WaitEx" tests="1" failures="0" timestamp="01 Sep 2021 17:17:59 GMT" time="11.311" errors="0">
  <testcase name="test" time="11.311" classname="Miscellaneous.WaitEx"/>
</testsuite> <!-- Miscellaneous.WaitEx -->
