<?xml version="1.0" encoding="UTF-8"?>
<!-- Generated by org.testng.reporters.JUnitReportReporter -->
<testsuite skipped="0" hostname="OmkarGurav" name="Miscellaneous.ActionClassEx" tests="1" failures="0" timestamp="28 Aug 2021 16:53:36 GMT" time="23.787" errors="0">
  <testcase name="test" time="23.787" classname="Miscellaneous.ActionClassEx"/>
</testsuite> <!-- Miscellaneous.ActionClassEx -->
