<?xml version="1.0" encoding="UTF-8"?>
<!-- Generated by org.testng.reporters.JUnitReportReporter -->
<testsuite skipped="0" hostname="OmkarGurav" name="Miscellaneous.UsersPageTC" tests="1" failures="0" timestamp="01 Sep 2021 14:53:20 GMT" time="13.166" errors="0">
  <testcase name="test" time="13.166" classname="Miscellaneous.UsersPageTC"/>
</testsuite> <!-- Miscellaneous.UsersPageTC -->
